<?xml version="1.0" encoding="UTF-8"?>
<testsuite name="practical1.NumberToolsTest" tests="2" skipped="0" failures="0" errors="0" timestamp="2025-10-20T13:23:19.543Z" hostname="BOOK-IR0COM5II1" time="0.026">
  <properties/>
  <testcase name="testParse" classname="practical1.NumberToolsTest" time="0.009"/>
  <testcase name="testComputeStatistic" classname="practical1.NumberToolsTest" time="0.016"/>
  <system-out><![CDATA[]]></system-out>
  <system-err><![CDATA[]]></system-err>
</testsuite>
